Nov 23, 2018 10:14:07 PM org.apache.catalina.startup.VersionLoggerListener log
INFO: Server version:        Apache Tomcat (TomEE)/7.0.81 (1.7.5)
Nov 23, 2018 10:14:07 PM org.apache.catalina.startup.VersionLoggerListener log
INFO: Server built:          Aug 11 2017 10:21:27 UTC
Nov 23, 2018 10:14:07 PM org.apache.catalina.startup.VersionLoggerListener log
INFO: Server number:         7.0.81.0
Nov 23, 2018 10:14:07 PM org.apache.catalina.startup.VersionLoggerListener log
INFO: OS Name:               Linux
Nov 23, 2018 10:14:07 PM org.apache.catalina.startup.VersionLoggerListener log
INFO: OS Version:            4.15.0-39-generic
Nov 23, 2018 10:14:07 PM org.apache.catalina.startup.VersionLoggerListener log
INFO: Architecture:          amd64
Nov 23, 2018 10:14:07 PM org.apache.catalina.startup.VersionLoggerListener log
INFO: Java Home:             /home/vagrant/apps/java/jre
Nov 23, 2018 10:14:07 PM org.apache.catalina.startup.VersionLoggerListener log
INFO: JVM Version:           1.8.0_162-b12
Nov 23, 2018 10:14:07 PM org.apache.catalina.startup.VersionLoggerListener log
INFO: JVM Vendor:            Oracle Corporation
Nov 23, 2018 10:14:07 PM org.apache.catalina.startup.VersionLoggerListener log
INFO: CATALINA_BASE:         /home/vagrant/address-manager/application/target/apache-tomee
Nov 23, 2018 10:14:07 PM org.apache.catalina.startup.VersionLoggerListener log
INFO: CATALINA_HOME:         /home/vagrant/address-manager/application/target/apache-tomee
Nov 23, 2018 10:14:07 PM org.apache.catalina.startup.VersionLoggerListener log
INFO: Command line argument: -XX:+HeapDumpOnOutOfMemoryError
Nov 23, 2018 10:14:07 PM org.apache.catalina.startup.VersionLoggerListener log
INFO: Command line argument: -Dorg.apache.catalina.STRICT_SERVLET_COMPLIANCE=false
Nov 23, 2018 10:14:07 PM org.apache.catalina.startup.VersionLoggerListener log
INFO: Command line argument: -Dopenejb.session.manager=org.apache.tomee.catalina.session.QuickSessionManager
Nov 23, 2018 10:14:07 PM org.apache.catalina.startup.VersionLoggerListener log
INFO: Command line argument: -Dtomee.remote.support=true
Nov 23, 2018 10:14:07 PM org.apache.catalina.startup.VersionLoggerListener log
INFO: Command line argument: -Dopenejb.system.apps=false
Nov 23, 2018 10:14:07 PM org.apache.catalina.startup.VersionLoggerListener log
INFO: Command line argument: -Djava.util.logging.config.file=/home/vagrant/address-manager/application/target/apache-tomee/conf/logging.properties
Nov 23, 2018 10:14:07 PM org.apache.catalina.startup.VersionLoggerListener log
INFO: Command line argument: -javaagent:/home/vagrant/address-manager/application/target/apache-tomee/lib/openejb-javaagent.jar
Nov 23, 2018 10:14:07 PM org.apache.catalina.startup.VersionLoggerListener log
INFO: Command line argument: -Djava.util.logging.manager=org.apache.juli.ClassLoaderLogManager
Nov 23, 2018 10:14:07 PM org.apache.catalina.startup.VersionLoggerListener log
INFO: Command line argument: -Djava.io.tmpdir=/home/vagrant/address-manager/application/target/apache-tomee/temp
Nov 23, 2018 10:14:07 PM org.apache.catalina.startup.VersionLoggerListener log
INFO: Command line argument: -Djava.endorsed.dirs=/home/vagrant/address-manager/application/target/apache-tomee/endorsed
Nov 23, 2018 10:14:07 PM org.apache.catalina.startup.VersionLoggerListener log
INFO: Command line argument: -Dcatalina.base=/home/vagrant/address-manager/application/target/apache-tomee
Nov 23, 2018 10:14:07 PM org.apache.catalina.startup.VersionLoggerListener log
INFO: Command line argument: -Dcatalina.home=/home/vagrant/address-manager/application/target/apache-tomee
Nov 23, 2018 10:14:07 PM org.apache.catalina.startup.VersionLoggerListener log
INFO: Command line argument: -Dcatalina.ext.dirs=/home/vagrant/address-manager/application/target/apache-tomee/lib
Nov 23, 2018 10:14:07 PM org.apache.catalina.startup.VersionLoggerListener log
INFO: Command line argument: -Dorg.apache.tomcat.util.http.ServerCookie.ALLOW_HTTP_SEPARATORS_IN_V0=true
Nov 23, 2018 10:14:07 PM org.apache.catalina.startup.VersionLoggerListener log
INFO: Command line argument: -ea
Nov 23, 2018 10:14:07 PM org.apache.catalina.core.AprLifecycleListener lifecycleEvent
INFO: The APR based Apache Tomcat Native library which allows optimal performance in production environments was not found on the java.library.path: /usr/java/packages/lib/amd64:/usr/lib64:/lib64:/lib:/usr/lib
Nov 23, 2018 10:14:07 PM org.apache.coyote.AbstractProtocol init
INFO: Initializing ProtocolHandler ["http-bio-8080"]
Nov 23, 2018 10:14:07 PM org.apache.coyote.AbstractProtocol init
INFO: Initializing ProtocolHandler ["ajp-bio-8009"]
Nov 23, 2018 10:14:07 PM org.apache.openejb.util.OptionsLog info
INFO: Using 'tomee.remote.support=true'
Nov 23, 2018 10:14:07 PM org.apache.openejb.util.OptionsLog info
INFO: Using 'openejb.jdbc.datasource-creator=org.apache.tomee.jdbc.TomEEDataSourceCreator'
Nov 23, 2018 10:14:08 PM org.apache.openejb.OpenEJB$Instance <init>
INFO: ********************************************************************************
Nov 23, 2018 10:14:08 PM org.apache.openejb.OpenEJB$Instance <init>
INFO: OpenEJB http://tomee.apache.org/
Nov 23, 2018 10:14:08 PM org.apache.openejb.OpenEJB$Instance <init>
INFO: Startup: Fri Nov 23 22:14:08 CET 2018
Nov 23, 2018 10:14:08 PM org.apache.openejb.OpenEJB$Instance <init>
INFO: Copyright 1999-2015 (C) Apache OpenEJB/TomEE Project, All Rights Reserved.
Nov 23, 2018 10:14:08 PM org.apache.openejb.OpenEJB$Instance <init>
INFO: Version: 4.7.5
Nov 23, 2018 10:14:08 PM org.apache.openejb.OpenEJB$Instance <init>
INFO: Build date: 20170927
Nov 23, 2018 10:14:08 PM org.apache.openejb.OpenEJB$Instance <init>
INFO: Build time: 12:02
Nov 23, 2018 10:14:08 PM org.apache.openejb.OpenEJB$Instance <init>
INFO: ********************************************************************************
Nov 23, 2018 10:14:08 PM org.apache.openejb.OpenEJB$Instance <init>
INFO: openejb.home = /home/vagrant/address-manager/application/target/apache-tomee
Nov 23, 2018 10:14:08 PM org.apache.openejb.OpenEJB$Instance <init>
INFO: openejb.base = /home/vagrant/address-manager/application/target/apache-tomee
Nov 23, 2018 10:14:08 PM org.apache.openejb.cdi.CdiBuilder initializeOWB
INFO: Created new singletonService org.apache.openejb.cdi.ThreadSingletonServiceImpl@32464a14
Nov 23, 2018 10:14:08 PM org.apache.openejb.cdi.CdiBuilder initializeOWB
INFO: Succeeded in installing singleton service
Nov 23, 2018 10:14:08 PM org.apache.openejb.config.ConfigurationFactory init
INFO: openejb configuration file is '/home/vagrant/address-manager/application/target/apache-tomee/conf/tomee.xml'
Nov 23, 2018 10:14:08 PM org.apache.openejb.config.ConfigurationFactory configureService
INFO: Configuring Service(id=Tomcat Security Service, type=SecurityService, provider-id=Tomcat Security Service)
Nov 23, 2018 10:14:08 PM org.apache.openejb.config.ConfigurationFactory configureService
INFO: Configuring Service(id=Default Transaction Manager, type=TransactionManager, provider-id=Default Transaction Manager)
Nov 23, 2018 10:14:08 PM org.apache.openejb.util.OptionsLog info
INFO: Using 'openejb.system.apps=false'
Nov 23, 2018 10:14:08 PM org.apache.openejb.util.OptionsLog info
INFO: Using 'openejb.deployments.classpath=false'
Nov 23, 2018 10:14:08 PM org.apache.openejb.assembler.classic.Assembler createRecipe
INFO: Creating TransactionManager(id=Default Transaction Manager)
Nov 23, 2018 10:14:08 PM org.apache.openejb.assembler.classic.Assembler createRecipe
INFO: Creating SecurityService(id=Tomcat Security Service)
Nov 23, 2018 10:14:08 PM org.apache.openejb.server.ServiceManager initServer
INFO: Creating ServerService(id=cxf-rs)
Nov 23, 2018 10:14:08 PM org.apache.openejb.server.SimpleServiceManager start
INFO:   ** Bound Services **
Nov 23, 2018 10:14:08 PM org.apache.openejb.server.SimpleServiceManager printRow
INFO:   NAME                 IP              PORT  
Nov 23, 2018 10:14:08 PM org.apache.openejb.server.SimpleServiceManager start
INFO: -------
Nov 23, 2018 10:14:08 PM org.apache.openejb.server.SimpleServiceManager start
INFO: Ready!
Nov 23, 2018 10:14:08 PM org.apache.catalina.startup.Catalina load
INFO: Initialization processed in 1948 ms
Nov 23, 2018 10:14:08 PM org.apache.tomee.catalina.OpenEJBNamingContextListener bindResource
INFO: Importing a Tomcat Resource with id 'UserDatabase' of type 'org.apache.catalina.UserDatabase'.
Nov 23, 2018 10:14:08 PM org.apache.openejb.assembler.classic.Assembler createRecipe
INFO: Creating Resource(id=UserDatabase)
Nov 23, 2018 10:14:08 PM org.apache.catalina.core.StandardService startInternal
INFO: Starting service Catalina
Nov 23, 2018 10:14:08 PM org.apache.catalina.core.StandardEngine startInternal
INFO: Starting Servlet Engine: Apache Tomcat (TomEE)/7.0.81 (1.7.5)
Nov 23, 2018 10:14:08 PM org.apache.catalina.startup.HostConfig deployWAR
INFO: Deploying web application archive /home/vagrant/address-manager/application/target/apache-tomee/webapps/ROOT.war
Nov 23, 2018 10:14:08 PM org.apache.tomee.catalina.TomcatWebAppBuilder init
INFO: ------------------------- localhost -> /
Nov 23, 2018 10:14:08 PM org.apache.openejb.util.JarExtractor extract
INFO: Extracting jar: /home/vagrant/address-manager/application/target/apache-tomee/webapps/ROOT.war
Nov 23, 2018 10:14:09 PM org.apache.openejb.util.JarExtractor extract
INFO: Extracted path: /home/vagrant/address-manager/application/target/apache-tomee/webapps/ROOT
Nov 23, 2018 10:14:09 PM org.apache.openejb.util.OptionsLog info
INFO: Using 'openejb.session.manager=org.apache.tomee.catalina.session.QuickSessionManager'
Nov 23, 2018 10:14:10 PM org.apache.openejb.config.ConfigurationFactory configureApplication
INFO: Configuring enterprise application: /home/vagrant/address-manager/application/target/apache-tomee/webapps/ROOT
Nov 23, 2018 10:14:10 PM org.apache.openejb.config.ConfigurationFactory configureService
INFO: Configuring Service(id=Default Managed Container, type=Container, provider-id=Default Managed Container)
Nov 23, 2018 10:14:10 PM org.apache.openejb.config.AutoConfig createContainer
INFO: Auto-creating a container for bean .Comp104828422: Container(type=MANAGED, id=Default Managed Container)
Nov 23, 2018 10:14:10 PM org.apache.openejb.assembler.classic.Assembler createRecipe
INFO: Creating Container(id=Default Managed Container)
Nov 23, 2018 10:14:10 PM org.apache.openejb.core.managed.SimplePassivater init
INFO: Using directory /home/vagrant/address-manager/application/target/apache-tomee/temp for stateful session passivation
Nov 23, 2018 10:14:10 PM org.apache.openejb.config.AppInfoBuilder build
INFO: Enterprise application "/home/vagrant/address-manager/application/target/apache-tomee/webapps/ROOT" loaded.
Nov 23, 2018 10:14:10 PM org.apache.openejb.assembler.classic.Assembler createApplication
INFO: Assembling app: /home/vagrant/address-manager/application/target/apache-tomee/webapps/ROOT
Nov 23, 2018 10:14:10 PM org.apache.openejb.cdi.CdiBuilder initSingleton
INFO: Existing thread singleton service in SystemInstance(): org.apache.openejb.cdi.ThreadSingletonServiceImpl@32464a14
Nov 23, 2018 10:14:11 PM org.apache.openejb.cdi.OpenEJBLifecycle startApplication
INFO: OpenWebBeans Container is starting...
Nov 23, 2018 10:14:11 PM org.apache.webbeans.plugins.PluginLoader startUp
INFO: Adding OpenWebBeansPlugin : [CdiPlugin]
Nov 23, 2018 10:14:11 PM org.apache.webbeans.plugins.PluginLoader startUp
INFO: Adding OpenWebBeansPlugin : [OpenWebBeansJsfPlugin]
Nov 23, 2018 10:14:15 PM org.apache.webbeans.config.BeansDeployer deploySingleAnnotatedType
INFO: Skipping deployment of Class class com.sap.cloud.sdk.cloudplatform.auditlog.ScpCfAuditLogdue to a NoClassDefFoundError: com/sap/xs/audit/api/AuditLogMessage
Nov 23, 2018 10:14:17 PM org.apache.webbeans.config.BeansDeployer validateInjectionPoints
INFO: All injection points were validated successfully.
Nov 23, 2018 10:14:17 PM org.apache.openejb.cdi.OpenEJBLifecycle startApplication
INFO: OpenWebBeans Container has started, it took 6389 ms.
Nov 23, 2018 10:14:17 PM org.apache.openejb.assembler.classic.Assembler createApplication
INFO: Deployed Application(path=/home/vagrant/address-manager/application/target/apache-tomee/webapps/ROOT)
Nov 23, 2018 10:14:18 PM org.apache.catalina.startup.HostConfig deployWAR
INFO: Deployment of web application archive /home/vagrant/address-manager/application/target/apache-tomee/webapps/ROOT.war has finished in 9,335 ms
Nov 23, 2018 10:14:18 PM org.apache.coyote.AbstractProtocol start
INFO: Starting ProtocolHandler ["http-bio-8080"]
Nov 23, 2018 10:14:18 PM org.apache.coyote.AbstractProtocol start
INFO: Starting ProtocolHandler ["ajp-bio-8009"]
Nov 23, 2018 10:14:18 PM org.apache.catalina.startup.Catalina start
INFO: Server startup in 9599 ms
Nov 23, 2018 10:15:14 PM org.apache.coyote.http11.AbstractHttp11Processor process
INFO: Error parsing HTTP request header
 Note: further occurrences of HTTP header parsing errors will be logged at DEBUG level.
java.lang.IllegalArgumentException: Invalid character found in method name. HTTP method names must be tokens
	at org.apache.coyote.http11.InternalInputBuffer.parseRequestLine(InternalInputBuffer.java:136)
	at org.apache.coyote.http11.AbstractHttp11Processor.process(AbstractHttp11Processor.java:1028)
	at org.apache.coyote.AbstractProtocol$AbstractConnectionHandler.process(AbstractProtocol.java:637)
	at org.apache.tomcat.util.net.JIoEndpoint$SocketProcessor.run(JIoEndpoint.java:316)
	at java.util.concurrent.ThreadPoolExecutor.runWorker(ThreadPoolExecutor.java:1149)
	at java.util.concurrent.ThreadPoolExecutor$Worker.run(ThreadPoolExecutor.java:624)
	at org.apache.tomcat.util.threads.TaskThread$WrappingRunnable.run(TaskThread.java:61)
	at java.lang.Thread.run(Thread.java:748)

Nov 23, 2018 10:26:50 PM org.apache.coyote.AbstractProtocol pause
INFO: Pausing ProtocolHandler ["http-bio-8080"]
Nov 23, 2018 10:26:50 PM org.apache.catalina.core.StandardServer await
INFO: A valid shutdown command was received via the shutdown port. Stopping the Server instance.
Nov 23, 2018 10:26:50 PM org.apache.coyote.AbstractProtocol pause
INFO: Pausing ProtocolHandler ["ajp-bio-8009"]
Nov 23, 2018 10:26:50 PM org.apache.catalina.core.StandardService stopInternal
INFO: Stopping service Catalina
Nov 23, 2018 10:26:50 PM org.apache.openejb.assembler.classic.Assembler destroyApplication
INFO: Undeploying app: /home/vagrant/address-manager/application/target/apache-tomee/webapps/ROOT
Nov 23, 2018 10:26:51 PM org.apache.openejb.util.OptionsLog info
INFO: Using 'openjpa.Log=org.apache.openejb.openjpa.JULOpenJPALogFactory'
Nov 23, 2018 10:26:51 PM org.apache.openejb.assembler.classic.Assembler destroyApplication
INFO: Undeployed app: /home/vagrant/address-manager/application/target/apache-tomee/webapps/ROOT
Nov 23, 2018 10:26:51 PM org.apache.catalina.loader.WebappClassLoaderBase checkThreadLocalMapForLeaks
SEVERE: The web application [] created a ThreadLocal with key of type [java.lang.ThreadLocal] (value [java.lang.ThreadLocal@52c2e29a]) and a value of type [com.netflix.hystrix.strategy.concurrency.HystrixRequestContext] (value [com.netflix.hystrix.strategy.concurrency.HystrixRequestContext@72e73296]) but failed to remove it when the web application was stopped. Threads are going to be renewed over time to try and avoid a probable memory leak.
Nov 23, 2018 10:26:51 PM org.apache.catalina.loader.WebappClassLoaderBase checkThreadLocalMapForLeaks
SEVERE: The web application [] created a ThreadLocal with key of type [java.lang.ThreadLocal] (value [java.lang.ThreadLocal@52c2e29a]) and a value of type [com.netflix.hystrix.strategy.concurrency.HystrixRequestContext] (value [com.netflix.hystrix.strategy.concurrency.HystrixRequestContext@67e30817]) but failed to remove it when the web application was stopped. Threads are going to be renewed over time to try and avoid a probable memory leak.
Nov 23, 2018 10:26:51 PM org.apache.catalina.loader.WebappClassLoaderBase checkThreadLocalMapForLeaks
SEVERE: The web application [] created a ThreadLocal with key of type [java.lang.ThreadLocal] (value [java.lang.ThreadLocal@52c2e29a]) and a value of type [com.netflix.hystrix.strategy.concurrency.HystrixRequestContext] (value [com.netflix.hystrix.strategy.concurrency.HystrixRequestContext@6730c362]) but failed to remove it when the web application was stopped. Threads are going to be renewed over time to try and avoid a probable memory leak.
Nov 23, 2018 10:26:51 PM org.apache.catalina.loader.WebappClassLoaderBase checkThreadLocalMapForLeaks
SEVERE: The web application [] created a ThreadLocal with key of type [com.netflix.hystrix.Hystrix$1] (value [com.netflix.hystrix.Hystrix$1@699bde6c]) and a value of type [com.netflix.hystrix.Hystrix.ConcurrentStack] (value [com.netflix.hystrix.Hystrix$ConcurrentStack@16c7d0f8]) but failed to remove it when the web application was stopped. Threads are going to be renewed over time to try and avoid a probable memory leak.
Nov 23, 2018 10:26:51 PM org.apache.coyote.AbstractProtocol stop
INFO: Stopping ProtocolHandler ["http-bio-8080"]
Nov 23, 2018 10:26:51 PM org.apache.coyote.AbstractProtocol stop
INFO: Stopping ProtocolHandler ["ajp-bio-8009"]
Nov 23, 2018 10:26:51 PM org.apache.openejb.server.SimpleServiceManager stop
INFO: Stopping server services
Nov 23, 2018 10:26:51 PM org.apache.coyote.AbstractProtocol destroy
INFO: Destroying ProtocolHandler ["http-bio-8080"]
Nov 23, 2018 10:26:51 PM org.apache.coyote.AbstractProtocol destroy
INFO: Destroying ProtocolHandler ["ajp-bio-8009"]
